2024-02-16T15:55:14.163332+00:00 INFO 'ansible_navigator.setup_logger' New ansible-navigator instance, logging initialized
2024-02-16T15:55:14.164051+00:00 INFO 'ansible_navigator.setup_logger' New ansible-runner instance, logging initialized
2024-02-16T15:55:14.164432+00:00 DEBUG 'ansible_navigator.main' ansible-builder==1.2.0 /usr/local/lib/python3.8/site-packages
2024-02-16T15:55:14.164809+00:00 DEBUG 'ansible_navigator.main' ansible-core==2.12.4 /usr/local/lib/python3.8/site-packages
2024-02-16T15:55:14.165374+00:00 DEBUG 'ansible_navigator.main' ansible-navigator==2.2.0 /usr/local/lib/python3.8/site-packages
2024-02-16T15:55:14.165722+00:00 DEBUG 'ansible_navigator.main' ansible-runner==2.3.5 /usr/local/lib/python3.8/site-packages
2024-02-16T15:55:14.166080+00:00 DEBUG 'ansible_navigator.main' asn1crypto==1.2.0 /usr/lib/python3.8/site-packages
2024-02-16T15:55:14.166422+00:00 DEBUG 'ansible_navigator.main' attrs==23.2.0 /usr/local/lib/python3.8/site-packages
2024-02-16T15:55:14.166724+00:00 DEBUG 'ansible_navigator.main' babel==2.7.0 /usr/lib/python3.8/site-packages
2024-02-16T15:55:14.167051+00:00 DEBUG 'ansible_navigator.main' backports.zoneinfo==0.2.1 /usr/local/lib64/python3.8/site-packages
2024-02-16T15:55:14.167387+00:00 DEBUG 'ansible_navigator.main' bindep==2.11.0 /usr/local/lib/python3.8/site-packages
2024-02-16T15:55:14.167694+00:00 DEBUG 'ansible_navigator.main' cffi==1.13.2 /usr/lib64/python3.8/site-packages
2024-02-16T15:55:14.168041+00:00 DEBUG 'ansible_navigator.main' cryptography==2.8 /usr/lib64/python3.8/site-packages
2024-02-16T15:55:14.168389+00:00 DEBUG 'ansible_navigator.main' distro==1.9.0 /usr/local/lib/python3.8/site-packages
2024-02-16T15:55:14.168735+00:00 DEBUG 'ansible_navigator.main' docutils==0.20.1 /usr/local/lib/python3.8/site-packages
2024-02-16T15:55:14.169125+00:00 DEBUG 'ansible_navigator.main' dumb-init==1.2.5 /usr/local/lib64/python3.8/site-packages
2024-02-16T15:55:14.169485+00:00 DEBUG 'ansible_navigator.main' idna==2.8 /usr/lib/python3.8/site-packages
2024-02-16T15:55:14.169888+00:00 DEBUG 'ansible_navigator.main' importlib-metadata==6.2.1 /usr/local/lib/python3.8/site-packages
2024-02-16T15:55:14.170253+00:00 DEBUG 'ansible_navigator.main' importlib-resources==6.1.1 /usr/local/lib/python3.8/site-packages
2024-02-16T15:55:14.170618+00:00 DEBUG 'ansible_navigator.main' jinja2==3.1.1 /usr/local/lib/python3.8/site-packages
2024-02-16T15:55:14.171027+00:00 DEBUG 'ansible_navigator.main' jsonschema-specifications==2023.12.1 /usr/local/lib/python3.8/site-packages
2024-02-16T15:55:14.171341+00:00 DEBUG 'ansible_navigator.main' jsonschema==4.21.1 /usr/local/lib/python3.8/site-packages
2024-02-16T15:55:14.171671+00:00 DEBUG 'ansible_navigator.main' lockfile==0.12.2 /usr/local/lib/python3.8/site-packages
2024-02-16T15:55:14.171983+00:00 DEBUG 'ansible_navigator.main' markupsafe==2.1.1 /usr/local/lib64/python3.8/site-packages
2024-02-16T15:55:14.172283+00:00 DEBUG 'ansible_navigator.main' onigurumacffi==1.3.0 /usr/local/lib64/python3.8/site-packages
2024-02-16T15:55:14.172647+00:00 DEBUG 'ansible_navigator.main' packaging==19.2 /usr/lib/python3.8/site-packages
2024-02-16T15:55:14.173007+00:00 DEBUG 'ansible_navigator.main' parsley==1.3 /usr/local/lib/python3.8/site-packages
2024-02-16T15:55:14.173359+00:00 DEBUG 'ansible_navigator.main' pbr==6.0.0 /usr/local/lib/python3.8/site-packages
2024-02-16T15:55:14.173692+00:00 DEBUG 'ansible_navigator.main' pexpect==4.9.0 /usr/local/lib/python3.8/site-packages
2024-02-16T15:55:14.173952+00:00 DEBUG 'ansible_navigator.main' pip==22.0.4 /usr/local/lib/python3.8/site-packages
2024-02-16T15:55:14.174263+00:00 DEBUG 'ansible_navigator.main' pkgutil-resolve-name==1.3.10 /usr/local/lib/python3.8/site-packages
2024-02-16T15:55:14.174581+00:00 DEBUG 'ansible_navigator.main' ply==3.11 /usr/lib/python3.8/site-packages
2024-02-16T15:55:14.174901+00:00 DEBUG 'ansible_navigator.main' ptyprocess==0.7.0 /usr/local/lib/python3.8/site-packages
2024-02-16T15:55:14.175218+00:00 DEBUG 'ansible_navigator.main' pycparser==2.19 /usr/lib/python3.8/site-packages
2024-02-16T15:55:14.175561+00:00 DEBUG 'ansible_navigator.main' pyparsing==2.4.5 /usr/lib/python3.8/site-packages
2024-02-16T15:55:14.175964+00:00 DEBUG 'ansible_navigator.main' python-daemon==3.0.1 /usr/local/lib/python3.8/site-packages
2024-02-16T15:55:14.176367+00:00 DEBUG 'ansible_navigator.main' pytz==2019.3 /usr/lib/python3.8/site-packages
2024-02-16T15:55:14.176764+00:00 DEBUG 'ansible_navigator.main' pyyaml==5.4.1 /usr/lib64/python3.8/site-packages
2024-02-16T15:55:14.177224+00:00 DEBUG 'ansible_navigator.main' referencing==0.33.0 /usr/local/lib/python3.8/site-packages
2024-02-16T15:55:14.177562+00:00 DEBUG 'ansible_navigator.main' requirements-parser==0.5.0 /usr/local/lib/python3.8/site-packages
2024-02-16T15:55:14.178636+00:00 DEBUG 'ansible_navigator.main' resolvelib==0.5.4 /usr/local/lib/python3.8/site-packages
2024-02-16T15:55:14.179044+00:00 DEBUG 'ansible_navigator.main' rpds-py==0.18.0 /usr/local/lib64/python3.8/site-packages
2024-02-16T15:55:14.179387+00:00 DEBUG 'ansible_navigator.main' setuptools==69.1.0 /usr/local/lib/python3.8/site-packages
2024-02-16T15:55:14.179712+00:00 DEBUG 'ansible_navigator.main' six==1.12.0 /usr/lib/python3.8/site-packages
2024-02-16T15:55:14.180009+00:00 DEBUG 'ansible_navigator.main' types-setuptools==69.1.0.20240215 /usr/local/lib/python3.8/site-packages
2024-02-16T15:55:14.180311+00:00 DEBUG 'ansible_navigator.main' tzdata==2024.1 /usr/local/lib/python3.8/site-packages
2024-02-16T15:55:14.180599+00:00 DEBUG 'ansible_navigator.main' zipp==3.17.0 /usr/local/lib/python3.8/site-packages
2024-02-16T15:55:14.180897+00:00 DEBUG 'ansible_navigator.main' Share directory '/usr/local/lib/python3.8/share/ansible_navigator' not found (development path)
2024-02-16T15:55:14.181189+00:00 DEBUG 'ansible_navigator.main' Share directory '/root/.local/share/ansible_navigator' not found (userbase)
2024-02-16T15:55:14.181485+00:00 DEBUG 'ansible_navigator.main' Share directory '/usr/share/ansible_navigator' not found (sys.prefix)
2024-02-16T15:55:14.181760+00:00 DEBUG 'ansible_navigator.main' Share directory '/usr/share/ansible_navigator' not found (datarootdir)
2024-02-16T15:55:14.182001+00:00 DEBUG 'ansible_navigator.main' Share directory '/usr/share/ansible_navigator' not found (datadir)
2024-02-16T15:55:14.182263+00:00 DEBUG 'ansible_navigator.main' Share directory '/usr/local/share/ansible_navigator' found (prefix)
2024-02-16T15:55:14.182523+00:00 DEBUG 'ansible_navigator.main' Default collection_doc_cache_path set to: /root/.cache/ansible-navigator/collection_doc_cache.db
2024-02-16T15:55:14.182796+00:00 DEBUG 'ansible_navigator.main' EDITOR environment variable not set
2024-02-16T15:55:14.183066+00:00 DEBUG 'ansible_navigator.main' Default editor_command set to: vi +{line_number} {filename}
2024-02-16T15:55:14.183345+00:00 DEBUG 'ansible_navigator.main' No config file set by ANSIBLE_NAVIGATOR_CONFIG
2024-02-16T15:55:14.183610+00:00 DEBUG 'ansible_navigator.main' Looking in /root
2024-02-16T15:55:14.183882+00:00 DEBUG 'ansible_navigator.main' Looking for '/root/.ansible-navigator.yml', '/root/.ansible-navigator.yaml' and '/root/.ansible-navigator.json'
2024-02-16T15:55:14.184158+00:00 DEBUG 'ansible_navigator.main' Found 0: 
2024-02-16T15:55:14.184419+00:00 DEBUG 'ansible_navigator.main' Looking in /srv
2024-02-16T15:55:14.184711+00:00 DEBUG 'ansible_navigator.main' Looking for '/srv/ansible-navigator.yml', '/srv/ansible-navigator.yaml' and '/srv/ansible-navigator.json'
2024-02-16T15:55:14.184967+00:00 DEBUG 'ansible_navigator.main' Found 0: 
2024-02-16T15:55:14.185234+00:00 DEBUG 'ansible_navigator.main' All found 0: 
2024-02-16T15:55:14.185492+00:00 DEBUG 'ansible_navigator.main' Using: None
2024-02-16T15:55:14.185803+00:00 DEBUG 'ansible_navigator.main' No valid settings file found, using all default values for settings.
2024-02-16T15:55:14.186076+00:00 DEBUG 'ansible_navigator.main' Command provided: 'collections --execution-environment-image ghcr.io/ansible-community/community-ee-base:latest'
2024-02-16T15:55:14.186375+00:00 DEBUG 'ansible_navigator.main' EE support enabled: using current working directory for 'ansible.cfg'
2024-02-16T15:55:14.186707+00:00 INFO 'ansible_navigator.main' EE support enabled: no 'ansible.cfg' found in current working directory. Tried /srv/ansible.cfg
2024-02-16T15:55:14.186966+00:00 DEBUG 'ansible_navigator.main' Completed post processing for ansible_runner_artifact_dir. (changed=False)
2024-02-16T15:55:14.187291+00:00 DEBUG 'ansible_navigator.main' Completed post processing for ansible_runner_rotate_artifacts_count. (changed=False)
2024-02-16T15:55:14.187534+00:00 DEBUG 'ansible_navigator.main' Completed post processing for ansible_runner_timeout. (changed=False)
2024-02-16T15:55:14.187889+00:00 DEBUG 'ansible_navigator.main' Completed post processing for cmdline. (changed=False)
2024-02-16T15:55:14.188153+00:00 DEBUG 'ansible_navigator.main' Completed post processing for collection_doc_cache_path. (changed=False)
2024-02-16T15:55:14.188417+00:00 DEBUG 'ansible_navigator.main' Completed post processing for container_engine. (changed=False)
2024-02-16T15:55:14.188677+00:00 DEBUG 'ansible_navigator.main' Completed post processing for container_options. (changed=False)
2024-02-16T15:55:14.188982+00:00 DEBUG 'ansible_navigator.main' Completed post processing for display_color. (changed=False)
2024-02-16T15:55:14.189257+00:00 DEBUG 'ansible_navigator.main' Completed post processing for execution_environment. (changed=False)
2024-02-16T15:55:14.189542+00:00 DEBUG 'ansible_navigator.main' Completed post processing for execution_environment_image. (changed=False)
2024-02-16T15:55:14.189792+00:00 DEBUG 'ansible_navigator.main' Completed post processing for help_builder. (changed=False)
2024-02-16T15:55:14.190189+00:00 DEBUG 'ansible_navigator.main' Completed post processing for help_config. (changed=False)
2024-02-16T15:55:14.190511+00:00 DEBUG 'ansible_navigator.main' Completed post processing for help_doc. (changed=False)
2024-02-16T15:55:14.190834+00:00 DEBUG 'ansible_navigator.main' Completed post processing for help_inventory. (changed=False)
2024-02-16T15:55:14.191145+00:00 DEBUG 'ansible_navigator.main' Completed post processing for help_playbook. (changed=False)
2024-02-16T15:55:14.191441+00:00 DEBUG 'ansible_navigator.main' Completed post processing for images_details. (changed=False)
2024-02-16T15:55:14.191733+00:00 DEBUG 'ansible_navigator.main' Completed post processing for inventory. (changed=False)
2024-02-16T15:55:14.192059+00:00 DEBUG 'ansible_navigator.main' Completed post processing for inventory_column. (changed=False)
2024-02-16T15:55:14.192318+00:00 DEBUG 'ansible_navigator.main' Completed post processing for log_file. (changed=False)
2024-02-16T15:55:14.192748+00:00 DEBUG 'ansible_navigator.main' Completed post processing for pass_environment_variable. (changed=False)
2024-02-16T15:55:14.193145+00:00 DEBUG 'ansible_navigator.main' Completed post processing for playbook. (changed=False)
2024-02-16T15:55:14.193630+00:00 DEBUG 'ansible_navigator.main' Completed post processing for playbook_artifact_replay. (changed=False)
2024-02-16T15:55:14.193983+00:00 DEBUG 'ansible_navigator.main' Completed post processing for playbook_artifact_save_as. (changed=False)
2024-02-16T15:55:14.194342+00:00 DEBUG 'ansible_navigator.main' Completed post processing for plugin_name. (changed=False)
2024-02-16T15:55:14.194716+00:00 DEBUG 'ansible_navigator.main' Completed post processing for pull_arguments. (changed=False)
2024-02-16T15:55:14.195098+00:00 DEBUG 'ansible_navigator.main' Completed post processing for set_environment_variable. (changed=False)
2024-02-16T15:55:14.195527+00:00 DEBUG 'ansible_navigator.main' Completed post processing for settings_effective. (changed=False)
2024-02-16T15:55:14.195835+00:00 DEBUG 'ansible_navigator.main' Completed post processing for settings_sample. (changed=False)
2024-02-16T15:55:14.196247+00:00 DEBUG 'ansible_navigator.main' Completed post processing for settings_schema. (changed=False)
2024-02-16T15:55:14.196570+00:00 DEBUG 'ansible_navigator.main' Completed post processing for settings_sources. (changed=False)
2024-02-16T15:55:14.196889+00:00 DEBUG 'ansible_navigator.main' Completed post processing for time_zone. (changed=False)
2024-02-16T15:55:14.197247+00:00 DEBUG 'ansible_navigator.main' Completed post processing for execution_environment_volume_mounts. (changed=False)
2024-02-16T15:55:14.197611+00:00 DEBUG 'ansible_navigator.main' Completed post processing for mode. (changed=False)
2024-02-16T15:55:14.197993+00:00 WARNING 'ansible_navigator.main' Configuration errors encountered, rolling back to previous configuration.
2024-02-16T15:55:14.198328+00:00 DEBUG 'ansible_navigator.main' Prior to rollback: ansible_runner_artifact_dir = 'Not set' (Constants/Not set)
2024-02-16T15:55:14.198637+00:00 DEBUG 'ansible_navigator.main' Prior to rollback: ansible_runner_rotate_artifacts_count = 'Not set' (Constants/Not set)
2024-02-16T15:55:14.198960+00:00 DEBUG 'ansible_navigator.main' Prior to rollback: ansible_runner_timeout = 'Not set' (Constants/Not set)
2024-02-16T15:55:14.199309+00:00 DEBUG 'ansible_navigator.main' Prior to rollback: app = 'collections' (str/Command line)
2024-02-16T15:55:14.199615+00:00 DEBUG 'ansible_navigator.main' Prior to rollback: cmdline = 'Not set' (Constants/Not set)
2024-02-16T15:55:14.199912+00:00 DEBUG 'ansible_navigator.main' Prior to rollback: collection_doc_cache_path = '/root/.cache/ansible-navigator/collection_doc_cache.db' (str/Defaults)
2024-02-16T15:55:14.200264+00:00 DEBUG 'ansible_navigator.main' Prior to rollback: config = 'Not set' (Constants/Not set)
2024-02-16T15:55:14.200543+00:00 DEBUG 'ansible_navigator.main' Prior to rollback: container_engine = 'auto' (str/Defaults)
2024-02-16T15:55:14.200870+00:00 DEBUG 'ansible_navigator.main' Prior to rollback: container_options = 'Not set' (Constants/Not set)
2024-02-16T15:55:14.201189+00:00 DEBUG 'ansible_navigator.main' Prior to rollback: display_color = 'True' (bool/Defaults)
2024-02-16T15:55:14.201492+00:00 DEBUG 'ansible_navigator.main' Prior to rollback: editor_command = 'vi +{line_number} {filename}' (str/Defaults)
2024-02-16T15:55:14.201916+00:00 DEBUG 'ansible_navigator.main' Prior to rollback: editor_console = 'True' (bool/Defaults)
2024-02-16T15:55:14.202260+00:00 DEBUG 'ansible_navigator.main' Prior to rollback: exec_command = '/bin/bash' (str/Defaults)
2024-02-16T15:55:14.202550+00:00 DEBUG 'ansible_navigator.main' Prior to rollback: exec_shell = 'True' (bool/Defaults)
2024-02-16T15:55:14.202889+00:00 DEBUG 'ansible_navigator.main' Prior to rollback: execution_environment = 'True' (bool/Defaults)
2024-02-16T15:55:14.203390+00:00 DEBUG 'ansible_navigator.main' Prior to rollback: execution_environment_image = 'ghcr.io/ansible-community/community-ee-base:latest' (str/Command line)
2024-02-16T15:55:14.203827+00:00 DEBUG 'ansible_navigator.main' Prior to rollback: execution_environment_volume_mounts = 'Not set' (Constants/Not set)
2024-02-16T15:55:14.204118+00:00 DEBUG 'ansible_navigator.main' Prior to rollback: help_builder = 'False' (bool/Defaults)
2024-02-16T15:55:14.204440+00:00 DEBUG 'ansible_navigator.main' Prior to rollback: help_config = 'False' (bool/Defaults)
2024-02-16T15:55:14.204750+00:00 DEBUG 'ansible_navigator.main' Prior to rollback: help_doc = 'False' (bool/Defaults)
2024-02-16T15:55:14.205076+00:00 DEBUG 'ansible_navigator.main' Prior to rollback: help_inventory = 'False' (bool/Defaults)
2024-02-16T15:55:14.205436+00:00 DEBUG 'ansible_navigator.main' Prior to rollback: help_playbook = 'False' (bool/Defaults)
2024-02-16T15:55:14.205805+00:00 DEBUG 'ansible_navigator.main' Prior to rollback: images_details = '['everything']' (list/Defaults)
2024-02-16T15:55:14.206166+00:00 DEBUG 'ansible_navigator.main' Prior to rollback: inventory = 'Not set' (Constants/Not set)
2024-02-16T15:55:14.206487+00:00 DEBUG 'ansible_navigator.main' Prior to rollback: inventory_column = 'Not set' (Constants/Not set)
2024-02-16T15:55:14.206818+00:00 DEBUG 'ansible_navigator.main' Prior to rollback: lint_config = 'Not set' (Constants/Not set)
2024-02-16T15:55:14.207163+00:00 DEBUG 'ansible_navigator.main' Prior to rollback: lintables = 'Not set' (Constants/Not set)
2024-02-16T15:55:14.207453+00:00 DEBUG 'ansible_navigator.main' Prior to rollback: log_append = 'True' (bool/Defaults)
2024-02-16T15:55:14.207790+00:00 DEBUG 'ansible_navigator.main' Prior to rollback: log_file = '/srv/ansible-navigator.log' (str/Defaults)
2024-02-16T15:55:14.208055+00:00 DEBUG 'ansible_navigator.main' Prior to rollback: log_level = 'warning' (str/Defaults)
2024-02-16T15:55:14.208378+00:00 DEBUG 'ansible_navigator.main' Prior to rollback: mode = 'interactive' (str/Defaults)
2024-02-16T15:55:14.208697+00:00 DEBUG 'ansible_navigator.main' Prior to rollback: osc4 = 'True' (bool/Defaults)
2024-02-16T15:55:14.208998+00:00 DEBUG 'ansible_navigator.main' Prior to rollback: pass_environment_variable = 'Not set' (Constants/Not set)
2024-02-16T15:55:14.209384+00:00 DEBUG 'ansible_navigator.main' Prior to rollback: playbook = 'Not set' (Constants/Not set)
2024-02-16T15:55:14.209718+00:00 DEBUG 'ansible_navigator.main' Prior to rollback: playbook_artifact_enable = 'True' (bool/Defaults)
2024-02-16T15:55:14.210074+00:00 DEBUG 'ansible_navigator.main' Prior to rollback: playbook_artifact_replay = 'Not set' (Constants/Not set)
2024-02-16T15:55:14.210353+00:00 DEBUG 'ansible_navigator.main' Prior to rollback: playbook_artifact_save_as = '{playbook_dir}/{playbook_name}-artifact-{time_stamp}.json' (str/Defaults)
2024-02-16T15:55:14.210721+00:00 DEBUG 'ansible_navigator.main' Prior to rollback: plugin_name = 'Not set' (Constants/Not set)
2024-02-16T15:55:14.211021+00:00 DEBUG 'ansible_navigator.main' Prior to rollback: plugin_type = 'module' (str/Defaults)
2024-02-16T15:55:14.211443+00:00 DEBUG 'ansible_navigator.main' Prior to rollback: pull_arguments = 'Not set' (Constants/Not set)
2024-02-16T15:55:14.211730+00:00 DEBUG 'ansible_navigator.main' Prior to rollback: pull_policy = 'tag' (str/Defaults)
2024-02-16T15:55:14.212041+00:00 DEBUG 'ansible_navigator.main' Prior to rollback: set_environment_variable = 'Not set' (Constants/Not set)
2024-02-16T15:55:14.212353+00:00 DEBUG 'ansible_navigator.main' Prior to rollback: settings_effective = 'False' (bool/Defaults)
2024-02-16T15:55:14.212682+00:00 DEBUG 'ansible_navigator.main' Prior to rollback: settings_sample = 'False' (bool/Defaults)
2024-02-16T15:55:14.212978+00:00 DEBUG 'ansible_navigator.main' Prior to rollback: settings_schema = 'json' (str/Defaults)
2024-02-16T15:55:14.213286+00:00 DEBUG 'ansible_navigator.main' Prior to rollback: settings_sources = 'False' (bool/Defaults)
2024-02-16T15:55:14.213610+00:00 DEBUG 'ansible_navigator.main' Prior to rollback: time_zone = 'UTC' (str/Defaults)
2024-02-16T15:55:14.213924+00:00 DEBUG 'ansible_navigator.main' Prior to rollback: workdir = '/srv' (str/Defaults)
2024-02-16T15:55:14.214268+00:00 DEBUG 'ansible_navigator.main' After rollback: ansible_runner_artifact_dir = 'Not set' (Constants/Not set)
2024-02-16T15:55:14.214617+00:00 DEBUG 'ansible_navigator.main' After rollback: ansible_runner_rotate_artifacts_count = 'Not set' (Constants/Not set)
2024-02-16T15:55:14.214867+00:00 DEBUG 'ansible_navigator.main' After rollback: ansible_runner_timeout = 'Not set' (Constants/Not set)
2024-02-16T15:55:14.215145+00:00 DEBUG 'ansible_navigator.main' After rollback: app = 'Not set' (Constants/Not set)
2024-02-16T15:55:14.215394+00:00 DEBUG 'ansible_navigator.main' After rollback: cmdline = 'Not set' (Constants/Not set)
2024-02-16T15:55:14.215665+00:00 DEBUG 'ansible_navigator.main' After rollback: collection_doc_cache_path = 'Not set' (Constants/Not set)
2024-02-16T15:55:14.215942+00:00 DEBUG 'ansible_navigator.main' After rollback: config = 'Not set' (Constants/Not set)
2024-02-16T15:55:14.216229+00:00 DEBUG 'ansible_navigator.main' After rollback: container_engine = 'Not set' (Constants/Not set)
2024-02-16T15:55:14.216484+00:00 DEBUG 'ansible_navigator.main' After rollback: container_options = 'Not set' (Constants/Not set)
2024-02-16T15:55:14.216759+00:00 DEBUG 'ansible_navigator.main' After rollback: display_color = 'Not set' (Constants/Not set)
2024-02-16T15:55:14.216992+00:00 DEBUG 'ansible_navigator.main' After rollback: editor_command = 'Not set' (Constants/Not set)
2024-02-16T15:55:14.217268+00:00 DEBUG 'ansible_navigator.main' After rollback: editor_console = 'Not set' (Constants/Not set)
2024-02-16T15:55:14.217539+00:00 DEBUG 'ansible_navigator.main' After rollback: exec_command = 'Not set' (Constants/Not set)
2024-02-16T15:55:14.217867+00:00 DEBUG 'ansible_navigator.main' After rollback: exec_shell = 'Not set' (Constants/Not set)
2024-02-16T15:55:14.218126+00:00 DEBUG 'ansible_navigator.main' After rollback: execution_environment = 'Not set' (Constants/Not set)
2024-02-16T15:55:14.218362+00:00 DEBUG 'ansible_navigator.main' After rollback: execution_environment_image = 'Not set' (Constants/Not set)
2024-02-16T15:55:14.218662+00:00 DEBUG 'ansible_navigator.main' After rollback: execution_environment_volume_mounts = 'Not set' (Constants/Not set)
2024-02-16T15:55:14.218966+00:00 DEBUG 'ansible_navigator.main' After rollback: help_builder = 'Not set' (Constants/Not set)
2024-02-16T15:55:14.219277+00:00 DEBUG 'ansible_navigator.main' After rollback: help_config = 'Not set' (Constants/Not set)
2024-02-16T15:55:14.219611+00:00 DEBUG 'ansible_navigator.main' After rollback: help_doc = 'Not set' (Constants/Not set)
2024-02-16T15:55:14.220066+00:00 DEBUG 'ansible_navigator.main' After rollback: help_inventory = 'Not set' (Constants/Not set)
2024-02-16T15:55:14.220366+00:00 DEBUG 'ansible_navigator.main' After rollback: help_playbook = 'Not set' (Constants/Not set)
2024-02-16T15:55:14.220730+00:00 DEBUG 'ansible_navigator.main' After rollback: images_details = 'Not set' (Constants/Not set)
2024-02-16T15:55:14.221058+00:00 DEBUG 'ansible_navigator.main' After rollback: inventory = 'Not set' (Constants/Not set)
2024-02-16T15:55:14.221354+00:00 DEBUG 'ansible_navigator.main' After rollback: inventory_column = 'Not set' (Constants/Not set)
2024-02-16T15:55:14.221694+00:00 DEBUG 'ansible_navigator.main' After rollback: lint_config = 'Not set' (Constants/Not set)
2024-02-16T15:55:14.222067+00:00 DEBUG 'ansible_navigator.main' After rollback: lintables = 'Not set' (Constants/Not set)
2024-02-16T15:55:14.222351+00:00 DEBUG 'ansible_navigator.main' After rollback: log_append = 'Not set' (Constants/Not set)
2024-02-16T15:55:14.222663+00:00 DEBUG 'ansible_navigator.main' After rollback: log_file = 'Not set' (Constants/Not set)
2024-02-16T15:55:14.222913+00:00 DEBUG 'ansible_navigator.main' After rollback: log_level = 'Not set' (Constants/Not set)
2024-02-16T15:55:14.223177+00:00 DEBUG 'ansible_navigator.main' After rollback: mode = 'Not set' (Constants/Not set)
2024-02-16T15:55:14.223408+00:00 DEBUG 'ansible_navigator.main' After rollback: osc4 = 'Not set' (Constants/Not set)
2024-02-16T15:55:14.223670+00:00 DEBUG 'ansible_navigator.main' After rollback: pass_environment_variable = 'Not set' (Constants/Not set)
2024-02-16T15:55:14.223947+00:00 DEBUG 'ansible_navigator.main' After rollback: playbook = 'Not set' (Constants/Not set)
2024-02-16T15:55:14.224190+00:00 DEBUG 'ansible_navigator.main' After rollback: playbook_artifact_enable = 'Not set' (Constants/Not set)
2024-02-16T15:55:14.224434+00:00 DEBUG 'ansible_navigator.main' After rollback: playbook_artifact_replay = 'Not set' (Constants/Not set)
2024-02-16T15:55:14.224698+00:00 DEBUG 'ansible_navigator.main' After rollback: playbook_artifact_save_as = 'Not set' (Constants/Not set)
2024-02-16T15:55:14.224972+00:00 DEBUG 'ansible_navigator.main' After rollback: plugin_name = 'Not set' (Constants/Not set)
2024-02-16T15:55:14.225272+00:00 DEBUG 'ansible_navigator.main' After rollback: plugin_type = 'Not set' (Constants/Not set)
2024-02-16T15:55:14.225546+00:00 DEBUG 'ansible_navigator.main' After rollback: pull_arguments = 'Not set' (Constants/Not set)
2024-02-16T15:55:14.225826+00:00 DEBUG 'ansible_navigator.main' After rollback: pull_policy = 'Not set' (Constants/Not set)
2024-02-16T15:55:14.226083+00:00 DEBUG 'ansible_navigator.main' After rollback: set_environment_variable = 'Not set' (Constants/Not set)
2024-02-16T15:55:14.226392+00:00 DEBUG 'ansible_navigator.main' After rollback: settings_effective = 'Not set' (Constants/Not set)
2024-02-16T15:55:14.226759+00:00 DEBUG 'ansible_navigator.main' After rollback: settings_sample = 'Not set' (Constants/Not set)
2024-02-16T15:55:14.227084+00:00 DEBUG 'ansible_navigator.main' After rollback: settings_schema = 'Not set' (Constants/Not set)
2024-02-16T15:55:14.227469+00:00 DEBUG 'ansible_navigator.main' After rollback: settings_sources = 'Not set' (Constants/Not set)
2024-02-16T15:55:14.227774+00:00 DEBUG 'ansible_navigator.main' After rollback: time_zone = 'Not set' (Constants/Not set)
2024-02-16T15:55:14.228490+00:00 DEBUG 'ansible_navigator.main' After rollback: workdir = 'Not set' (Constants/Not set)
2024-02-16T15:55:14.228801+00:00 DEBUG 'ansible_navigator.main' Configuration rollback complete.
2024-02-16T15:55:14.229155+00:00 DEBUG 'ansible_navigator.main' Collection doc cache not mounted
2024-02-16T15:55:14.229494+00:00 WARNING 'ansible_navigator.main' Issues were found while applying the settings.
2024-02-16T15:55:14.229773+00:00 INFO 'ansible_navigator.main' Command provided: 'collections --execution-environment-image ghcr.io/ansible-community/community-ee-base:latest'
2024-02-16T15:55:14.230059+00:00 ERROR 'ansible_navigator.main' No container engine could be found: 'auto', set by 'Defaults'
2024-02-16T15:55:14.230382+00:00 INFO 'ansible_navigator.main' Try installing 'podman' or 'docker'
2024-02-16T15:55:14.230725+00:00 INFO 'ansible_navigator.main' Configuration failed, using default log file location. (/srv/ansible-navigator.log) Log level set to debug
2024-02-16T15:55:14.231058+00:00 INFO 'ansible_navigator.main' Review the hints and log file to see what went wrong.
2024-02-16T15:58:08.887681+00:00 INFO 'ansible_navigator.setup_logger' New ansible-navigator instance, logging initialized
2024-02-16T15:58:08.888348+00:00 INFO 'ansible_navigator.setup_logger' New ansible-runner instance, logging initialized
2024-02-16T15:58:08.888736+00:00 DEBUG 'ansible_navigator.main' ansible-builder==1.2.0 /usr/local/lib/python3.8/site-packages
2024-02-16T15:58:08.889106+00:00 DEBUG 'ansible_navigator.main' ansible-core==2.12.4 /usr/local/lib/python3.8/site-packages
2024-02-16T15:58:08.889504+00:00 DEBUG 'ansible_navigator.main' ansible-navigator==2.2.0 /usr/local/lib/python3.8/site-packages
2024-02-16T15:58:08.889909+00:00 DEBUG 'ansible_navigator.main' ansible-runner==2.3.5 /usr/local/lib/python3.8/site-packages
2024-02-16T15:58:08.890203+00:00 DEBUG 'ansible_navigator.main' asn1crypto==1.2.0 /usr/lib/python3.8/site-packages
2024-02-16T15:58:08.890586+00:00 DEBUG 'ansible_navigator.main' attrs==23.2.0 /usr/local/lib/python3.8/site-packages
2024-02-16T15:58:08.890921+00:00 DEBUG 'ansible_navigator.main' babel==2.7.0 /usr/lib/python3.8/site-packages
2024-02-16T15:58:08.891187+00:00 DEBUG 'ansible_navigator.main' backports.zoneinfo==0.2.1 /usr/local/lib64/python3.8/site-packages
2024-02-16T15:58:08.891453+00:00 DEBUG 'ansible_navigator.main' bindep==2.11.0 /usr/local/lib/python3.8/site-packages
2024-02-16T15:58:08.891822+00:00 DEBUG 'ansible_navigator.main' cffi==1.13.2 /usr/lib64/python3.8/site-packages
2024-02-16T15:58:08.892154+00:00 DEBUG 'ansible_navigator.main' cryptography==2.8 /usr/lib64/python3.8/site-packages
2024-02-16T15:58:08.892790+00:00 DEBUG 'ansible_navigator.main' distro==1.9.0 /usr/local/lib/python3.8/site-packages
2024-02-16T15:58:08.893364+00:00 DEBUG 'ansible_navigator.main' docutils==0.20.1 /usr/local/lib/python3.8/site-packages
2024-02-16T15:58:08.893952+00:00 DEBUG 'ansible_navigator.main' dumb-init==1.2.5 /usr/local/lib64/python3.8/site-packages
2024-02-16T15:58:08.894427+00:00 DEBUG 'ansible_navigator.main' idna==2.8 /usr/lib/python3.8/site-packages
2024-02-16T15:58:08.895000+00:00 DEBUG 'ansible_navigator.main' importlib-metadata==6.2.1 /usr/local/lib/python3.8/site-packages
2024-02-16T15:58:08.895514+00:00 DEBUG 'ansible_navigator.main' importlib-resources==6.1.1 /usr/local/lib/python3.8/site-packages
2024-02-16T15:58:08.895911+00:00 DEBUG 'ansible_navigator.main' jinja2==3.1.1 /usr/local/lib/python3.8/site-packages
2024-02-16T15:58:08.896285+00:00 DEBUG 'ansible_navigator.main' jsonschema-specifications==2023.12.1 /usr/local/lib/python3.8/site-packages
2024-02-16T15:58:08.896735+00:00 DEBUG 'ansible_navigator.main' jsonschema==4.21.1 /usr/local/lib/python3.8/site-packages
2024-02-16T15:58:08.897134+00:00 DEBUG 'ansible_navigator.main' lockfile==0.12.2 /usr/local/lib/python3.8/site-packages
2024-02-16T15:58:08.897511+00:00 DEBUG 'ansible_navigator.main' markupsafe==2.1.1 /usr/local/lib64/python3.8/site-packages
2024-02-16T15:58:08.897869+00:00 DEBUG 'ansible_navigator.main' onigurumacffi==1.3.0 /usr/local/lib64/python3.8/site-packages
2024-02-16T15:58:08.898221+00:00 DEBUG 'ansible_navigator.main' packaging==19.2 /usr/lib/python3.8/site-packages
2024-02-16T15:58:08.898599+00:00 DEBUG 'ansible_navigator.main' parsley==1.3 /usr/local/lib/python3.8/site-packages
2024-02-16T15:58:08.898959+00:00 DEBUG 'ansible_navigator.main' pbr==6.0.0 /usr/local/lib/python3.8/site-packages
2024-02-16T15:58:08.899310+00:00 DEBUG 'ansible_navigator.main' pexpect==4.9.0 /usr/local/lib/python3.8/site-packages
2024-02-16T15:58:08.899668+00:00 DEBUG 'ansible_navigator.main' pip==22.0.4 /usr/local/lib/python3.8/site-packages
2024-02-16T15:58:08.900002+00:00 DEBUG 'ansible_navigator.main' pkgutil-resolve-name==1.3.10 /usr/local/lib/python3.8/site-packages
2024-02-16T15:58:08.900389+00:00 DEBUG 'ansible_navigator.main' ply==3.11 /usr/lib/python3.8/site-packages
2024-02-16T15:58:08.900741+00:00 DEBUG 'ansible_navigator.main' ptyprocess==0.7.0 /usr/local/lib/python3.8/site-packages
2024-02-16T15:58:08.901101+00:00 DEBUG 'ansible_navigator.main' pycparser==2.19 /usr/lib/python3.8/site-packages
2024-02-16T15:58:08.901472+00:00 DEBUG 'ansible_navigator.main' pyparsing==2.4.5 /usr/lib/python3.8/site-packages
2024-02-16T15:58:08.901814+00:00 DEBUG 'ansible_navigator.main' python-daemon==3.0.1 /usr/local/lib/python3.8/site-packages
2024-02-16T15:58:08.902185+00:00 DEBUG 'ansible_navigator.main' pytz==2019.3 /usr/lib/python3.8/site-packages
2024-02-16T15:58:08.902500+00:00 DEBUG 'ansible_navigator.main' pyyaml==5.4.1 /usr/lib64/python3.8/site-packages
2024-02-16T15:58:08.902859+00:00 DEBUG 'ansible_navigator.main' referencing==0.33.0 /usr/local/lib/python3.8/site-packages
2024-02-16T15:58:08.903171+00:00 DEBUG 'ansible_navigator.main' requirements-parser==0.5.0 /usr/local/lib/python3.8/site-packages
2024-02-16T15:58:08.903579+00:00 DEBUG 'ansible_navigator.main' resolvelib==0.5.4 /usr/local/lib/python3.8/site-packages
2024-02-16T15:58:08.903931+00:00 DEBUG 'ansible_navigator.main' rpds-py==0.18.0 /usr/local/lib64/python3.8/site-packages
2024-02-16T15:58:08.904265+00:00 DEBUG 'ansible_navigator.main' setuptools==69.1.0 /usr/local/lib/python3.8/site-packages
2024-02-16T15:58:08.904640+00:00 DEBUG 'ansible_navigator.main' six==1.12.0 /usr/lib/python3.8/site-packages
2024-02-16T15:58:08.905003+00:00 DEBUG 'ansible_navigator.main' types-setuptools==69.1.0.20240215 /usr/local/lib/python3.8/site-packages
2024-02-16T15:58:08.905362+00:00 DEBUG 'ansible_navigator.main' tzdata==2024.1 /usr/local/lib/python3.8/site-packages
2024-02-16T15:58:08.905724+00:00 DEBUG 'ansible_navigator.main' zipp==3.17.0 /usr/local/lib/python3.8/site-packages
2024-02-16T15:58:08.906072+00:00 DEBUG 'ansible_navigator.main' Share directory '/usr/local/lib/python3.8/share/ansible_navigator' not found (development path)
2024-02-16T15:58:08.906396+00:00 DEBUG 'ansible_navigator.main' Share directory '/root/.local/share/ansible_navigator' not found (userbase)
2024-02-16T15:58:08.906722+00:00 DEBUG 'ansible_navigator.main' Share directory '/usr/share/ansible_navigator' not found (sys.prefix)
2024-02-16T15:58:08.907043+00:00 DEBUG 'ansible_navigator.main' Share directory '/usr/share/ansible_navigator' not found (datarootdir)
2024-02-16T15:58:08.907375+00:00 DEBUG 'ansible_navigator.main' Share directory '/usr/share/ansible_navigator' not found (datadir)
2024-02-16T15:58:08.907707+00:00 DEBUG 'ansible_navigator.main' Share directory '/usr/local/share/ansible_navigator' found (prefix)
2024-02-16T15:58:08.908067+00:00 DEBUG 'ansible_navigator.main' Default collection_doc_cache_path set to: /root/.cache/ansible-navigator/collection_doc_cache.db
2024-02-16T15:58:08.908405+00:00 DEBUG 'ansible_navigator.main' EDITOR environment variable not set
2024-02-16T15:58:08.908811+00:00 DEBUG 'ansible_navigator.main' Default editor_command set to: vi +{line_number} {filename}
2024-02-16T15:58:08.909152+00:00 DEBUG 'ansible_navigator.main' No config file set by ANSIBLE_NAVIGATOR_CONFIG
2024-02-16T15:58:08.909616+00:00 DEBUG 'ansible_navigator.main' Looking in /root
2024-02-16T15:58:08.910013+00:00 DEBUG 'ansible_navigator.main' Looking for '/root/.ansible-navigator.yml', '/root/.ansible-navigator.yaml' and '/root/.ansible-navigator.json'
2024-02-16T15:58:08.910426+00:00 DEBUG 'ansible_navigator.main' Found 0: 
2024-02-16T15:58:08.910799+00:00 DEBUG 'ansible_navigator.main' Looking in /srv
2024-02-16T15:58:08.911237+00:00 DEBUG 'ansible_navigator.main' Looking for '/srv/ansible-navigator.yml', '/srv/ansible-navigator.yaml' and '/srv/ansible-navigator.json'
2024-02-16T15:58:08.911601+00:00 DEBUG 'ansible_navigator.main' Found 0: 
2024-02-16T15:58:08.912209+00:00 DEBUG 'ansible_navigator.main' All found 0: 
2024-02-16T15:58:08.912591+00:00 DEBUG 'ansible_navigator.main' Using: None
2024-02-16T15:58:08.912962+00:00 DEBUG 'ansible_navigator.main' No valid settings file found, using all default values for settings.
2024-02-16T15:58:08.913342+00:00 DEBUG 'ansible_navigator.main' Command provided: 'collections --execution-environment-image ghcr.io/ansible-community/community-ee-base:latest'
2024-02-16T15:58:08.913710+00:00 DEBUG 'ansible_navigator.main' EE support enabled: using current working directory for 'ansible.cfg'
2024-02-16T15:58:08.914069+00:00 INFO 'ansible_navigator.main' EE support enabled: no 'ansible.cfg' found in current working directory. Tried /srv/ansible.cfg
2024-02-16T15:58:08.914418+00:00 DEBUG 'ansible_navigator.main' Completed post processing for ansible_runner_artifact_dir. (changed=False)
2024-02-16T15:58:08.914804+00:00 DEBUG 'ansible_navigator.main' Completed post processing for ansible_runner_rotate_artifacts_count. (changed=False)
2024-02-16T15:58:08.915145+00:00 DEBUG 'ansible_navigator.main' Completed post processing for ansible_runner_timeout. (changed=False)
2024-02-16T15:58:08.915485+00:00 DEBUG 'ansible_navigator.main' Completed post processing for cmdline. (changed=False)
2024-02-16T15:58:08.915791+00:00 DEBUG 'ansible_navigator.main' Completed post processing for collection_doc_cache_path. (changed=False)
2024-02-16T15:58:08.916133+00:00 DEBUG 'ansible_navigator.main' Completed post processing for container_engine. (changed=False)
2024-02-16T15:58:08.916432+00:00 DEBUG 'ansible_navigator.main' Completed post processing for container_options. (changed=False)
2024-02-16T15:58:08.916737+00:00 DEBUG 'ansible_navigator.main' Completed post processing for display_color. (changed=False)
2024-02-16T15:58:08.917036+00:00 DEBUG 'ansible_navigator.main' Completed post processing for execution_environment. (changed=False)
2024-02-16T15:58:08.917336+00:00 DEBUG 'ansible_navigator.main' Completed post processing for execution_environment_image. (changed=False)
2024-02-16T15:58:08.917639+00:00 DEBUG 'ansible_navigator.main' Completed post processing for help_builder. (changed=False)
2024-02-16T15:58:08.917961+00:00 DEBUG 'ansible_navigator.main' Completed post processing for help_config. (changed=False)
2024-02-16T15:58:08.918268+00:00 DEBUG 'ansible_navigator.main' Completed post processing for help_doc. (changed=False)
2024-02-16T15:58:08.918550+00:00 DEBUG 'ansible_navigator.main' Completed post processing for help_inventory. (changed=False)
2024-02-16T15:58:08.918893+00:00 DEBUG 'ansible_navigator.main' Completed post processing for help_playbook. (changed=False)
2024-02-16T15:58:08.919218+00:00 DEBUG 'ansible_navigator.main' Completed post processing for images_details. (changed=False)
2024-02-16T15:58:08.919571+00:00 DEBUG 'ansible_navigator.main' Completed post processing for inventory. (changed=False)
2024-02-16T15:58:08.919907+00:00 DEBUG 'ansible_navigator.main' Completed post processing for inventory_column. (changed=False)
2024-02-16T15:58:08.920212+00:00 DEBUG 'ansible_navigator.main' Completed post processing for log_file. (changed=False)
2024-02-16T15:58:08.920518+00:00 DEBUG 'ansible_navigator.main' Completed post processing for pass_environment_variable. (changed=False)
2024-02-16T15:58:08.920824+00:00 DEBUG 'ansible_navigator.main' Completed post processing for playbook. (changed=False)
2024-02-16T15:58:08.921244+00:00 DEBUG 'ansible_navigator.main' Completed post processing for playbook_artifact_replay. (changed=False)
2024-02-16T15:58:08.921540+00:00 DEBUG 'ansible_navigator.main' Completed post processing for playbook_artifact_save_as. (changed=False)
2024-02-16T15:58:08.921857+00:00 DEBUG 'ansible_navigator.main' Completed post processing for plugin_name. (changed=False)
2024-02-16T15:58:08.922113+00:00 DEBUG 'ansible_navigator.main' Completed post processing for pull_arguments. (changed=False)
2024-02-16T15:58:08.922371+00:00 DEBUG 'ansible_navigator.main' Completed post processing for set_environment_variable. (changed=False)
2024-02-16T15:58:08.922729+00:00 DEBUG 'ansible_navigator.main' Completed post processing for settings_effective. (changed=False)
2024-02-16T15:58:08.923011+00:00 DEBUG 'ansible_navigator.main' Completed post processing for settings_sample. (changed=False)
2024-02-16T15:58:08.923233+00:00 DEBUG 'ansible_navigator.main' Completed post processing for settings_schema. (changed=False)
2024-02-16T15:58:08.923453+00:00 DEBUG 'ansible_navigator.main' Completed post processing for settings_sources. (changed=False)
2024-02-16T15:58:08.923665+00:00 DEBUG 'ansible_navigator.main' Completed post processing for time_zone. (changed=False)
2024-02-16T15:58:08.923884+00:00 DEBUG 'ansible_navigator.main' Completed post processing for execution_environment_volume_mounts. (changed=False)
2024-02-16T15:58:08.924127+00:00 DEBUG 'ansible_navigator.main' Completed post processing for mode. (changed=False)
2024-02-16T15:58:08.924355+00:00 WARNING 'ansible_navigator.main' Configuration errors encountered, rolling back to previous configuration.
2024-02-16T15:58:08.924574+00:00 DEBUG 'ansible_navigator.main' Prior to rollback: ansible_runner_artifact_dir = 'Not set' (Constants/Not set)
2024-02-16T15:58:08.924796+00:00 DEBUG 'ansible_navigator.main' Prior to rollback: ansible_runner_rotate_artifacts_count = 'Not set' (Constants/Not set)
2024-02-16T15:58:08.925030+00:00 DEBUG 'ansible_navigator.main' Prior to rollback: ansible_runner_timeout = 'Not set' (Constants/Not set)
2024-02-16T15:58:08.925237+00:00 DEBUG 'ansible_navigator.main' Prior to rollback: app = 'collections' (str/Command line)
2024-02-16T15:58:08.925448+00:00 DEBUG 'ansible_navigator.main' Prior to rollback: cmdline = 'Not set' (Constants/Not set)
2024-02-16T15:58:08.925663+00:00 DEBUG 'ansible_navigator.main' Prior to rollback: collection_doc_cache_path = '/root/.cache/ansible-navigator/collection_doc_cache.db' (str/Defaults)
2024-02-16T15:58:08.925875+00:00 DEBUG 'ansible_navigator.main' Prior to rollback: config = 'Not set' (Constants/Not set)
2024-02-16T15:58:08.926259+00:00 DEBUG 'ansible_navigator.main' Prior to rollback: container_engine = 'auto' (str/Defaults)
2024-02-16T15:58:08.926584+00:00 DEBUG 'ansible_navigator.main' Prior to rollback: container_options = 'Not set' (Constants/Not set)
2024-02-16T15:58:08.926942+00:00 DEBUG 'ansible_navigator.main' Prior to rollback: display_color = 'True' (bool/Defaults)
2024-02-16T15:58:08.927257+00:00 DEBUG 'ansible_navigator.main' Prior to rollback: editor_command = 'vi +{line_number} {filename}' (str/Defaults)
2024-02-16T15:58:08.927517+00:00 DEBUG 'ansible_navigator.main' Prior to rollback: editor_console = 'True' (bool/Defaults)
2024-02-16T15:58:08.928356+00:00 DEBUG 'ansible_navigator.main' Prior to rollback: exec_command = '/bin/bash' (str/Defaults)
2024-02-16T15:58:08.928851+00:00 DEBUG 'ansible_navigator.main' Prior to rollback: exec_shell = 'True' (bool/Defaults)
2024-02-16T15:58:08.929232+00:00 DEBUG 'ansible_navigator.main' Prior to rollback: execution_environment = 'True' (bool/Defaults)
2024-02-16T15:58:08.929592+00:00 DEBUG 'ansible_navigator.main' Prior to rollback: execution_environment_image = 'ghcr.io/ansible-community/community-ee-base:latest' (str/Command line)
2024-02-16T15:58:08.929866+00:00 DEBUG 'ansible_navigator.main' Prior to rollback: execution_environment_volume_mounts = 'Not set' (Constants/Not set)
2024-02-16T15:58:08.930133+00:00 DEBUG 'ansible_navigator.main' Prior to rollback: help_builder = 'False' (bool/Defaults)
2024-02-16T15:58:08.930436+00:00 DEBUG 'ansible_navigator.main' Prior to rollback: help_config = 'False' (bool/Defaults)
2024-02-16T15:58:08.930705+00:00 DEBUG 'ansible_navigator.main' Prior to rollback: help_doc = 'False' (bool/Defaults)
2024-02-16T15:58:08.930940+00:00 DEBUG 'ansible_navigator.main' Prior to rollback: help_inventory = 'False' (bool/Defaults)
2024-02-16T15:58:08.931150+00:00 DEBUG 'ansible_navigator.main' Prior to rollback: help_playbook = 'False' (bool/Defaults)
2024-02-16T15:58:08.931362+00:00 DEBUG 'ansible_navigator.main' Prior to rollback: images_details = '['everything']' (list/Defaults)
2024-02-16T15:58:08.931566+00:00 DEBUG 'ansible_navigator.main' Prior to rollback: inventory = 'Not set' (Constants/Not set)
2024-02-16T15:58:08.931772+00:00 DEBUG 'ansible_navigator.main' Prior to rollback: inventory_column = 'Not set' (Constants/Not set)
2024-02-16T15:58:08.931976+00:00 DEBUG 'ansible_navigator.main' Prior to rollback: lint_config = 'Not set' (Constants/Not set)
2024-02-16T15:58:08.932198+00:00 DEBUG 'ansible_navigator.main' Prior to rollback: lintables = 'Not set' (Constants/Not set)
2024-02-16T15:58:08.932426+00:00 DEBUG 'ansible_navigator.main' Prior to rollback: log_append = 'True' (bool/Defaults)
2024-02-16T15:58:08.932642+00:00 DEBUG 'ansible_navigator.main' Prior to rollback: log_file = '/srv/ansible-navigator.log' (str/Defaults)
2024-02-16T15:58:08.932866+00:00 DEBUG 'ansible_navigator.main' Prior to rollback: log_level = 'warning' (str/Defaults)
2024-02-16T15:58:08.933085+00:00 DEBUG 'ansible_navigator.main' Prior to rollback: mode = 'interactive' (str/Defaults)
2024-02-16T15:58:08.933336+00:00 DEBUG 'ansible_navigator.main' Prior to rollback: osc4 = 'True' (bool/Defaults)
2024-02-16T15:58:08.933568+00:00 DEBUG 'ansible_navigator.main' Prior to rollback: pass_environment_variable = 'Not set' (Constants/Not set)
2024-02-16T15:58:08.933845+00:00 DEBUG 'ansible_navigator.main' Prior to rollback: playbook = 'Not set' (Constants/Not set)
2024-02-16T15:58:08.934086+00:00 DEBUG 'ansible_navigator.main' Prior to rollback: playbook_artifact_enable = 'True' (bool/Defaults)
2024-02-16T15:58:08.934381+00:00 DEBUG 'ansible_navigator.main' Prior to rollback: playbook_artifact_replay = 'Not set' (Constants/Not set)
2024-02-16T15:58:08.934666+00:00 DEBUG 'ansible_navigator.main' Prior to rollback: playbook_artifact_save_as = '{playbook_dir}/{playbook_name}-artifact-{time_stamp}.json' (str/Defaults)
2024-02-16T15:58:08.935019+00:00 DEBUG 'ansible_navigator.main' Prior to rollback: plugin_name = 'Not set' (Constants/Not set)
2024-02-16T15:58:08.935376+00:00 DEBUG 'ansible_navigator.main' Prior to rollback: plugin_type = 'module' (str/Defaults)
2024-02-16T15:58:08.935685+00:00 DEBUG 'ansible_navigator.main' Prior to rollback: pull_arguments = 'Not set' (Constants/Not set)
2024-02-16T15:58:08.935966+00:00 DEBUG 'ansible_navigator.main' Prior to rollback: pull_policy = 'tag' (str/Defaults)
2024-02-16T15:58:08.936311+00:00 DEBUG 'ansible_navigator.main' Prior to rollback: set_environment_variable = 'Not set' (Constants/Not set)
2024-02-16T15:58:08.936697+00:00 DEBUG 'ansible_navigator.main' Prior to rollback: settings_effective = 'False' (bool/Defaults)
2024-02-16T15:58:08.936990+00:00 DEBUG 'ansible_navigator.main' Prior to rollback: settings_sample = 'False' (bool/Defaults)
2024-02-16T15:58:08.937254+00:00 DEBUG 'ansible_navigator.main' Prior to rollback: settings_schema = 'json' (str/Defaults)
2024-02-16T15:58:08.937544+00:00 DEBUG 'ansible_navigator.main' Prior to rollback: settings_sources = 'False' (bool/Defaults)
2024-02-16T15:58:08.937796+00:00 DEBUG 'ansible_navigator.main' Prior to rollback: time_zone = 'UTC' (str/Defaults)
2024-02-16T15:58:08.938097+00:00 DEBUG 'ansible_navigator.main' Prior to rollback: workdir = '/srv' (str/Defaults)
2024-02-16T15:58:08.938400+00:00 DEBUG 'ansible_navigator.main' After rollback: ansible_runner_artifact_dir = 'Not set' (Constants/Not set)
2024-02-16T15:58:08.938722+00:00 DEBUG 'ansible_navigator.main' After rollback: ansible_runner_rotate_artifacts_count = 'Not set' (Constants/Not set)
2024-02-16T15:58:08.939011+00:00 DEBUG 'ansible_navigator.main' After rollback: ansible_runner_timeout = 'Not set' (Constants/Not set)
2024-02-16T15:58:08.939296+00:00 DEBUG 'ansible_navigator.main' After rollback: app = 'Not set' (Constants/Not set)
2024-02-16T15:58:08.939574+00:00 DEBUG 'ansible_navigator.main' After rollback: cmdline = 'Not set' (Constants/Not set)
2024-02-16T15:58:08.939887+00:00 DEBUG 'ansible_navigator.main' After rollback: collection_doc_cache_path = 'Not set' (Constants/Not set)
2024-02-16T15:58:08.940148+00:00 DEBUG 'ansible_navigator.main' After rollback: config = 'Not set' (Constants/Not set)
2024-02-16T15:58:08.940434+00:00 DEBUG 'ansible_navigator.main' After rollback: container_engine = 'Not set' (Constants/Not set)
2024-02-16T15:58:08.940712+00:00 DEBUG 'ansible_navigator.main' After rollback: container_options = 'Not set' (Constants/Not set)
2024-02-16T15:58:08.941001+00:00 DEBUG 'ansible_navigator.main' After rollback: display_color = 'Not set' (Constants/Not set)
2024-02-16T15:58:08.941278+00:00 DEBUG 'ansible_navigator.main' After rollback: editor_command = 'Not set' (Constants/Not set)
2024-02-16T15:58:08.941554+00:00 DEBUG 'ansible_navigator.main' After rollback: editor_console = 'Not set' (Constants/Not set)
2024-02-16T15:58:08.941828+00:00 DEBUG 'ansible_navigator.main' After rollback: exec_command = 'Not set' (Constants/Not set)
2024-02-16T15:58:08.942108+00:00 DEBUG 'ansible_navigator.main' After rollback: exec_shell = 'Not set' (Constants/Not set)
2024-02-16T15:58:08.942376+00:00 DEBUG 'ansible_navigator.main' After rollback: execution_environment = 'Not set' (Constants/Not set)
2024-02-16T15:58:08.942667+00:00 DEBUG 'ansible_navigator.main' After rollback: execution_environment_image = 'Not set' (Constants/Not set)
2024-02-16T15:58:08.943027+00:00 DEBUG 'ansible_navigator.main' After rollback: execution_environment_volume_mounts = 'Not set' (Constants/Not set)
2024-02-16T15:58:08.943476+00:00 DEBUG 'ansible_navigator.main' After rollback: help_builder = 'Not set' (Constants/Not set)
2024-02-16T15:58:08.943884+00:00 DEBUG 'ansible_navigator.main' After rollback: help_config = 'Not set' (Constants/Not set)
2024-02-16T15:58:08.944287+00:00 DEBUG 'ansible_navigator.main' After rollback: help_doc = 'Not set' (Constants/Not set)
2024-02-16T15:58:08.944597+00:00 DEBUG 'ansible_navigator.main' After rollback: help_inventory = 'Not set' (Constants/Not set)
2024-02-16T15:58:08.944978+00:00 DEBUG 'ansible_navigator.main' After rollback: help_playbook = 'Not set' (Constants/Not set)
2024-02-16T15:58:08.945367+00:00 DEBUG 'ansible_navigator.main' After rollback: images_details = 'Not set' (Constants/Not set)
2024-02-16T15:58:08.945638+00:00 DEBUG 'ansible_navigator.main' After rollback: inventory = 'Not set' (Constants/Not set)
2024-02-16T15:58:08.945990+00:00 DEBUG 'ansible_navigator.main' After rollback: inventory_column = 'Not set' (Constants/Not set)
2024-02-16T15:58:08.946316+00:00 DEBUG 'ansible_navigator.main' After rollback: lint_config = 'Not set' (Constants/Not set)
2024-02-16T15:58:08.946625+00:00 DEBUG 'ansible_navigator.main' After rollback: lintables = 'Not set' (Constants/Not set)
2024-02-16T15:58:08.946897+00:00 DEBUG 'ansible_navigator.main' After rollback: log_append = 'Not set' (Constants/Not set)
2024-02-16T15:58:08.947167+00:00 DEBUG 'ansible_navigator.main' After rollback: log_file = 'Not set' (Constants/Not set)
2024-02-16T15:58:08.947430+00:00 DEBUG 'ansible_navigator.main' After rollback: log_level = 'Not set' (Constants/Not set)
2024-02-16T15:58:08.947697+00:00 DEBUG 'ansible_navigator.main' After rollback: mode = 'Not set' (Constants/Not set)
2024-02-16T15:58:08.947981+00:00 DEBUG 'ansible_navigator.main' After rollback: osc4 = 'Not set' (Constants/Not set)
2024-02-16T15:58:08.948219+00:00 DEBUG 'ansible_navigator.main' After rollback: pass_environment_variable = 'Not set' (Constants/Not set)
2024-02-16T15:58:08.948462+00:00 DEBUG 'ansible_navigator.main' After rollback: playbook = 'Not set' (Constants/Not set)
2024-02-16T15:58:08.948707+00:00 DEBUG 'ansible_navigator.main' After rollback: playbook_artifact_enable = 'Not set' (Constants/Not set)
2024-02-16T15:58:08.948967+00:00 DEBUG 'ansible_navigator.main' After rollback: playbook_artifact_replay = 'Not set' (Constants/Not set)
2024-02-16T15:58:08.949271+00:00 DEBUG 'ansible_navigator.main' After rollback: playbook_artifact_save_as = 'Not set' (Constants/Not set)
2024-02-16T15:58:08.949551+00:00 DEBUG 'ansible_navigator.main' After rollback: plugin_name = 'Not set' (Constants/Not set)
2024-02-16T15:58:08.949870+00:00 DEBUG 'ansible_navigator.main' After rollback: plugin_type = 'Not set' (Constants/Not set)
2024-02-16T15:58:08.950200+00:00 DEBUG 'ansible_navigator.main' After rollback: pull_arguments = 'Not set' (Constants/Not set)
2024-02-16T15:58:08.950599+00:00 DEBUG 'ansible_navigator.main' After rollback: pull_policy = 'Not set' (Constants/Not set)
2024-02-16T15:58:08.950916+00:00 DEBUG 'ansible_navigator.main' After rollback: set_environment_variable = 'Not set' (Constants/Not set)
2024-02-16T15:58:08.951259+00:00 DEBUG 'ansible_navigator.main' After rollback: settings_effective = 'Not set' (Constants/Not set)
2024-02-16T15:58:08.951585+00:00 DEBUG 'ansible_navigator.main' After rollback: settings_sample = 'Not set' (Constants/Not set)
2024-02-16T15:58:08.951897+00:00 DEBUG 'ansible_navigator.main' After rollback: settings_schema = 'Not set' (Constants/Not set)
2024-02-16T15:58:08.952199+00:00 DEBUG 'ansible_navigator.main' After rollback: settings_sources = 'Not set' (Constants/Not set)
2024-02-16T15:58:08.952574+00:00 DEBUG 'ansible_navigator.main' After rollback: time_zone = 'Not set' (Constants/Not set)
2024-02-16T15:58:08.952922+00:00 DEBUG 'ansible_navigator.main' After rollback: workdir = 'Not set' (Constants/Not set)
2024-02-16T15:58:08.953232+00:00 DEBUG 'ansible_navigator.main' Configuration rollback complete.
2024-02-16T15:58:08.953552+00:00 DEBUG 'ansible_navigator.main' Collection doc cache not mounted
2024-02-16T15:58:08.953957+00:00 WARNING 'ansible_navigator.main' Issues were found while applying the settings.
2024-02-16T15:58:08.954320+00:00 INFO 'ansible_navigator.main' Command provided: 'collections --execution-environment-image ghcr.io/ansible-community/community-ee-base:latest'
2024-02-16T15:58:08.954682+00:00 ERROR 'ansible_navigator.main' No container engine could be found: 'auto', set by 'Defaults'
2024-02-16T15:58:08.955022+00:00 INFO 'ansible_navigator.main' Try installing 'podman' or 'docker'
2024-02-16T15:58:08.955336+00:00 INFO 'ansible_navigator.main' Configuration failed, using default log file location. (/srv/ansible-navigator.log) Log level set to debug
2024-02-16T15:58:08.955721+00:00 INFO 'ansible_navigator.main' Review the hints and log file to see what went wrong.
2024-02-16T15:59:50.373725+00:00 WARNING 'ansible_navigator.image_manager.puller._log_message' Image inspection failed, image assumed to be corrupted or missing
2024-02-16T15:59:50.374658+00:00 WARNING 'ansible_navigator.image_manager.puller._log_message' stdout: []

2024-02-16T15:59:50.375035+00:00 WARNING 'ansible_navigator.image_manager.puller._log_message' stderr: Error: ghcr.io/ansible-community/community-ee-base:latest: image not known

2024-02-16T16:00:00.870462+00:00 ERROR 'ansible_navigator.actions.collections._parse' Unable to extract collection json from stdout
2024-02-16T16:05:51.087139+00:00 WARNING 'ansible_navigator.image_manager.puller._log_message' Image inspection failed, image assumed to be corrupted or missing
2024-02-16T16:05:51.088105+00:00 WARNING 'ansible_navigator.image_manager.puller._log_message' stdout: []

2024-02-16T16:05:51.088649+00:00 WARNING 'ansible_navigator.image_manager.puller._log_message' stderr: Error: ghcr.io/ansible-community/community-ee-minimal:latest: image not known

